Sep 24, 2024 9:07:25 PM Main main
INFO: Starting Notification Factory Demo...
Sep 24, 2024 9:07:32 PM Main main
INFO: Notification sent: email
Sep 24, 2024 9:07:42 PM Main main
INFO: Notification sent: sms
Sep 24, 2024 9:07:44 PM Main main
INFO: Notification sent: push
Sep 24, 2024 9:15:14 PM Main main
SEVERE: Unexpected error occurred: No line found
Sep 24, 2024 9:15:14 PM Main main
INFO: Notification Factory Demo has ended.
Sep 24, 2024 9:15:19 PM Main main
INFO: Starting Notification Factory Demo...
Sep 24, 2024 9:18:59 PM Main main
INFO: Starting Notification Factory Demo...
Sep 24, 2024 9:19:08 PM Main main
INFO: Notification sent: email
Sep 24, 2024 9:19:13 PM Main main
INFO: Notification sent: sms
Sep 24, 2024 9:19:30 PM Main main
INFO: Notification sent: push
Sep 24, 2024 9:19:35 PM Main main
INFO: Exiting the Notification Factory system.
Sep 24, 2024 9:19:35 PM Main main
INFO: Notification Factory Demo has ended.
